<?xml version="1.0" encoding="UTF-8"?>
<web-app version="3.1" xmlns="http://xmlns.jcp.org/xml/ns/javaee" xmlns:xsi="http://www.w3.org/2001/XMLSchema-instance" xsi:schemaLocation="http://xmlns.jcp.org/xml/ns/javaee http://xmlns.jcp.org/xml/ns/javaee/web-app_3_1.xsd">
    <session-config>
        <session-timeout>
            30
        </session-timeout>
    </session-config>
    <security-constraint>
        <display-name>Modify user data</display-name>
        <web-resource-collection>
            <web-resource-name>User</web-resource-name>
            <description/>
            <url-pattern>/api/users/*</url-pattern>
            <http-method>PUT</http-method>
            <http-method>DELETE</http-method>
        </web-resource-collection>
        <auth-constraint>
            <description/>
            <role-name>ADMINISTRATOR</role-name>
            <role-name>USER</role-name>
        </auth-constraint>
    </security-constraint>
    <login-config>
        <auth-method>BASIC</auth-method>
        <realm-name>remindersRealm</realm-name>
    </login-config>
    <security-role>
        <description/>
        <role-name>ADMINISTRATOR</role-name>
    </security-role>
    <security-role>
        <description/>
        <role-name>USER</role-name>
    </security-role>
</web-app>
